Arguments: 
  /home/hifull/.nvm/versions/node/v10.17.0/bin/node /usr/share/yarn/bin/yarn.js publish

PATH: 
  ~/.config/composer/vendor/bin:/home/hifull/.nvm/versions/node/v10.17.0/bin:~/.config/composer/vendor/bin:~/.config/composer/vendor/bin:/usr/local/sbin:/usr/local/bin:/usr/sbin:/usr/bin:/sbin:/bin:/usr/games:/usr/local/games:/snap/bin:/home/hifull/.fzf/bin

Yarn version: 
  1.19.2

Node version: 
  10.17.0

Platform: 
  linux x64

Trace: 
  Error: canceled
      at Interface.<anonymous> (/usr/share/yarn/lib/cli.js:136846:13)
      at Interface.emit (events.js:198:13)
      at Interface._ttyWrite (readline.js:801:16)
      at ReadStream.onkeypress (readline.js:184:10)
      at ReadStream.emit (events.js:198:13)
      at emitKeys (internal/readline.js:424:14)
      at emitKeys.next (<anonymous>)
      at ReadStream.onData (readline.js:1073:36)
      at ReadStream.emit (events.js:198:13)
      at addChunk (_stream_readable.js:287:12)

npm manifest: 
  {
    "name": "shower",
    "description": "Shower HTML presentation engine",
    "version": "2.7.0",
    "author": {
      "name": "Vadim Makeev",
      "url": "https://pepelsbey.net/"
    },
    "homepage": "https://github.com/shower/shower",
    "repository": {
      "type": "git",
      "url": "git://github.com/shower/shower.git"
    },
    "bugs": {
      "url": "https://github.com/shower/shower/issues"
    },
    "license": "MIT",
    "keywords": [
      "shower",
      "presentation",
      "template"
    ],
    "files": [
      "pictures/**",
      "index.html",
      "LICENSE.md",
      "README.md"
    ],
    "dependencies": {
      "@shower/material": "^2.2.2",
      "@shower/ribbon": "^3.2.3",
      "shower-core": "^2.1.0"
    },
    "devDependencies": {
      "path-exists-cli": "^1.0.0",
      "@shower/cli": "^0.2.6"
    },
    "scripts": {
      "pdf": "shower pdf",
      "start": "shower serve",
      "prepare": "shower prepare --files '**' --files '!{docs,node_modules,prepared}{,/**}' --files '!*.{md,toml,json}'",
      "archive": "shower archive --files '**' --files '!{docs,node_modules,prepared}{,/**}' --files '!*.{md,toml,json}'",
      "publish": "shower publish --files '**' --files '!{docs,node_modules,prepared}{,/**}' --files '!*.{md,toml,json}'",
      "test": "npm run prepare && ls prepared && npm run archive && path-exists archive.zip"
    }
  }

yarn manifest: 
  No manifest

Lockfile: 
  No lockfile
